{"level":"error","message":"Unexpected field","timestamp":"2025-11-16T18:54:37.120Z"}
{"level":"error","message":"Image file format mp4 not allowed","timestamp":"2025-11-18T16:16:56.311Z"}
{"level":"error","message":"Image file format mp4 not allowed","timestamp":"2025-11-18T16:23:08.705Z"}
{"level":"error","message":"Image file format mp4 not allowed","timestamp":"2025-11-18T16:25:22.073Z"}
{"level":"error","message":"Image file format mp4 not allowed","timestamp":"2025-11-18T16:26:21.414Z"}
{"level":"error","message":"Image file format mp4 not allowed","timestamp":"2025-11-18T16:28:32.089Z"}
{"level":"error","message":"Image file format mp4 not allowed","timestamp":"2025-11-18T16:31:07.795Z"}
{"level":"error","message":"Image file format mp4 not allowed","timestamp":"2025-11-18T16:31:41.629Z"}
{"level":"error","message":"Image file format mp4 not allowed","timestamp":"2025-11-18T16:34:01.133Z"}
{"level":"error","message":"Image file format mp4 not allowed","timestamp":"2025-11-18T16:34:02.424Z"}
{"level":"error","message":"Image file format mp4 not allowed","timestamp":"2025-11-18T16:34:34.544Z"}
{"level":"error","message":"Image file format mp4 not allowed","timestamp":"2025-11-18T16:39:04.998Z"}
{"level":"error","message":"Image file format mp4 not allowed","timestamp":"2025-11-18T16:40:26.181Z"}
{"level":"error","message":"Image file format mp4 not allowed","timestamp":"2025-11-18T16:43:17.717Z"}
{"level":"error","message":"Image file format mp4 not allowed","timestamp":"2025-11-18T16:46:39.588Z"}
{"level":"error","message":"Image file format mp4 not allowed","timestamp":"2025-11-18T16:49:31.738Z"}
{"level":"error","message":"Image file format mp4 not allowed","timestamp":"2025-11-18T16:53:53.161Z"}
{"level":"error","message":"Image file format mp4 not allowed","timestamp":"2025-11-18T16:57:10.681Z"}
{"level":"error","message":"Image file format mp4 not allowed","timestamp":"2025-11-18T17:23:57.634Z"}
{"level":"error","message":"Image file format mp4 not allowed","timestamp":"2025-11-18T17:33:44.905Z"}
{"level":"error","message":"aborted","timestamp":"2025-11-18T17:38:09.086Z"}
{"level":"error","message":"Image file format mp4 not allowed","timestamp":"2025-11-18T17:45:26.724Z"}
{"level":"error","message":"aborted","timestamp":"2025-11-18T17:46:16.909Z"}
{"level":"error","message":"Image file format mp4 not allowed","timestamp":"2025-11-18T17:47:04.133Z"}
{"level":"error","message":"Image file format mp4 not allowed","timestamp":"2025-11-18T17:49:16.626Z"}
{"level":"error","message":"Image file format mp4 not allowed","timestamp":"2025-11-18T17:52:44.988Z"}
{"level":"error","message":"Image file format mp4 not allowed","timestamp":"2025-11-18T17:53:40.582Z"}
{"level":"error","message":"Image file format mp4 not allowed","timestamp":"2025-11-18T18:03:33.904Z"}
{"level":"error","message":"read ECONNRESET","timestamp":"2025-11-18T18:24:27.684Z"}
{"level":"error","message":"DB Connect Error: Could not connect to any servers in your MongoDB Atlas cluster. One common reason is that you're trying to access the database from an IP that isn't whitelisted. Make sure your current IP address is on your Atlas cluster's IP whitelist: https://www.mongodb.com/docs/atlas/security-whitelist/","timestamp":"2025-11-19T05:51:58.814Z"}
{"level":"error","message":"DB Connect Error: Could not connect to any servers in your MongoDB Atlas cluster. One common reason is that you're trying to access the database from an IP that isn't whitelisted. Make sure your current IP address is on your Atlas cluster's IP whitelist: https://www.mongodb.com/docs/atlas/security-whitelist/","timestamp":"2025-11-19T05:57:07.855Z"}
{"level":"error","message":"Image file format mp4 not allowed","timestamp":"2025-11-19T06:04:02.250Z"}
{"level":"error","message":"Image file format mp4 not allowed","timestamp":"2025-11-19T14:18:30.835Z"}
{"level":"error","message":"Image file format mp4 not allowed","timestamp":"2025-11-20T04:39:12.851Z"}
{"level":"error","message":"Image file format mp4 not allowed","timestamp":"2025-11-20T04:41:54.021Z"}
{"level":"error","message":"Image file format mp4 not allowed","timestamp":"2025-11-20T04:42:37.641Z"}
{"level":"error","message":"Image file format mp4 not allowed","timestamp":"2025-11-20T04:44:14.304Z"}
{"beforeHandshake":false,"cause":{"code":"ECONNRESET","errno":-4077,"syscall":"read"},"errorLabelSet":{},"level":"error","message":"Error publishing scheduled articles: read ECONNRESET","stack":"MongoNetworkError: read ECONNRESET\n    at Connection.onSocketError (C:\\Users\\Abhinav Shukla\\Desktop\\News\\madhurnews\\backend\\node_modules\\mongodb\\lib\\cmap\\connection.js:110:22)\n    at TLSSocket.emit (node:events:530:35)\n    at emitErrorNT (node:internal/streams/destroy:170:8)\n    at emitErrorCloseNT (node:internal/streams/destroy:129:3)\n    at process.processTicksAndRejections (node:internal/process/task_queues:90:21)","timestamp":"2025-11-20T14:35:00.057Z"}
